<?xml version="1.0" encoding="UTF-8"?>
<!-- Generated by org.testng.reporters.JUnitXMLReporter -->
<testsuite hostname="DESKTOP-3P69UET" ignored="4" name="TestFirefox" tests="4" failures="3" timestamp="11 Jul 2017 04:00:31 GMT" time="101.597" errors="0">
  <testcase name="testWBT" time="0.296" classname="script.WBT">
    <failure type="java.lang.AssertionError" message="null">
      <![CDATA[java.lang.AssertionError: null
	at script.WBT.testWBT(WBT.java:23)
... Removed 27 stack frames]]>
    </failure>
  </testcase> <!-- testWBT -->
  <testcase name="testValidLoginLogout" time="25.196" classname="script.ValidLoginLogout">
    <failure type="java.lang.NullPointerException">
      <![CDATA[java.lang.NullPointerException
	at generic.BasePage.verifyTitle(BasePage.java:46)
	at script.ValidLoginLogout.testValidLoginLogout(ValidLoginLogout.java:27)
... Removed 25 stack frames]]>
    </failure>
  </testcase> <!-- testValidLoginLogout -->
  <testcase name="testInvalidLogin" time="10.275" classname="script.InvalidLogin"/>
  <testcase name="testProductEdition" time="7.268" classname="script.VerifyProductEdition">
    <failure type="org.openqa.selenium.InvalidSelectorException" message="Given xpath expression &amp;quot;(//div[contains(text(),&amp;apos;settings&amp;apos;0])[1]&amp;quot; is invalid: SyntaxError: The expression is not a legal expression.
For documentation on this error, please visit: http://seleniumhq.org/exceptions/invalid_selector_exception.html
Build info: version: &amp;apos;3.4.0&amp;apos;, revision: &amp;apos;unknown&amp;apos;, time: &amp;apos;unknown&amp;apos;
System info: host: &amp;apos;DESKTOP-3P69UET&amp;apos;, ip: &amp;apos;127.0.0.1&amp;apos;, os.name: &amp;apos;Windows 10&amp;apos;, os.arch: &amp;apos;amd64&amp;apos;, os.version: &amp;apos;10.0&amp;apos;, java.version: &amp;apos;1.8.0_91&amp;apos;
Driver info: org.openqa.selenium.firefox.FirefoxDriver
Capabilities [{moz:profile=C:\Users\pc\AppData\Local\Temp\rust_mozprofile.UcNwrLF5NDU9, rotatable=false, timeouts={implicit=0.0, pageLoad=300000.0, script=30000.0}, pageLoadStrategy=normal, platform=ANY, specificationLevel=0.0, moz:accessibilityChecks=false, acceptInsecureCerts=false, browserVersion=55.0, platformVersion=10.0, moz:processID=1096.0, browserName=firefox, javascriptEnabled=true, platformName=windows_nt}]
Session ID: 4407b74e-e836-4e9e-954c-1b45de153389
*** Element info: {Using=xpath, value=(//div[contains(text(),&amp;apos;settings&amp;apos;0])[1]}">
      <![CDATA[org.openqa.selenium.InvalidSelectorException: Given xpath expression "(//div[contains(text(),'settings'0])[1]" is invalid: SyntaxError: The expression is not a legal expression.
For documentation on this error, please visit: http://seleniumhq.org/exceptions/invalid_selector_exception.html
Build info: version: '3.4.0', revision: 'unknown', time: 'unknown'
System info: host: 'DESKTOP-3P69UET', ip: '127.0.0.1', os.name: 'Windows 10', os.arch: 'amd64', os.version: '10.0', java.version: '1.8.0_91'
Driver info: org.openqa.selenium.firefox.FirefoxDriver
Capabilities [{moz:profile=C:\Users\pc\AppData\Local\Temp\rust_mozprofile.UcNwrLF5NDU9, rotatable=false, timeouts={implicit=0.0, pageLoad=300000.0, script=30000.0}, pageLoadStrategy=normal, platform=ANY, specificationLevel=0.0, moz:accessibilityChecks=false, acceptInsecureCerts=false, browserVersion=55.0, platformVersion=10.0, moz:processID=1096.0, browserName=firefox, javascriptEnabled=true, platformName=windows_nt}]
Session ID: 4407b74e-e836-4e9e-954c-1b45de153389
*** Element info: {Using=xpath, value=(//div[contains(text(),'settings'0])[1]}
	at org.openqa.selenium.remote.http.W3CHttpResponseCodec.createException(W3CHttpResponseCodec.java:150)
	at org.openqa.selenium.remote.http.W3CHttpResponseCodec.decode(W3CHttpResponseCodec.java:115)
	at org.openqa.selenium.remote.http.W3CHttpResponseCodec.decode(W3CHttpResponseCodec.java:45)
	at org.openqa.selenium.remote.HttpCommandExecutor.execute(HttpCommandExecutor.java:164)
	at org.openqa.selenium.remote.service.DriverCommandExecutor.execute(DriverCommandExecutor.java:82)
	at org.openqa.selenium.remote.RemoteWebDriver.execute(RemoteWebDriver.java:637)
	at org.openqa.selenium.remote.RemoteWebDriver.findElement(RemoteWebDriver.java:410)
	at org.openqa.selenium.remote.RemoteWebDriver.findElementByXPath(RemoteWebDriver.java:509)
	at org.openqa.selenium.By$ByXPath.findElement(By.java:361)
	at org.openqa.selenium.remote.RemoteWebDriver.findElement(RemoteWebDriver.java:402)
	at org.openqa.selenium.support.pagefactory.DefaultElementLocator.findElement(DefaultElementLocator.java:69)
	at org.openqa.selenium.support.pagefactory.internal.LocatingElementHandler.invoke(LocatingElementHandler.java:38)
	at com.sun.proxy.$Proxy12.click(Unknown Source)
	at page.TimeTrackPage.clickSettings(TimeTrackPage.java:27)
	at script.VerifyProductEdition.testProductEdition(VerifyProductEdition.java:32)
... Removed 29 stack frames]]>
    </failure>
  </testcase> <!-- testProductEdition -->
  <testcase name="@BeforeSuite initFramework" time="0.0" classname="script.BaseTest">
    <ignored/>
  </testcase> <!-- @BeforeSuite initFramework -->
  <testcase name="@BeforeSuite initFramework" time="0.0" classname="script.BaseTest">
    <ignored/>
  </testcase> <!-- @BeforeSuite initFramework -->
  <testcase name="@BeforeSuite initFramework" time="0.0" classname="script.BaseTest">
    <ignored/>
  </testcase> <!-- @BeforeSuite initFramework -->
  <testcase name="@BeforeSuite initFramework" time="0.0" classname="script.BaseTest">
    <ignored/>
  </testcase> <!-- @BeforeSuite initFramework -->
</testsuite> <!-- TestFirefox -->
